D:\MSYS64\HOME\SULTAN\WORK\OOP\LAB_03\LAB_03\DEBUG\MATRIXDEF.OBJ
D:\MSYS64\HOME\SULTAN\WORK\OOP\LAB_03\LAB_03\DEBUG\VECTOR3D.OBJ
D:\MSYS64\HOME\SULTAN\WORK\OOP\LAB_03\LAB_03\DEBUG\TRANSFORMMANAGER.OBJ
D:\MSYS64\HOME\SULTAN\WORK\OOP\LAB_03\LAB_03\DEBUG\SCENEFACADE.OBJ
D:\MSYS64\HOME\SULTAN\WORK\OOP\LAB_03\LAB_03\DEBUG\SCENECONTAINER.OBJ
D:\MSYS64\HOME\SULTAN\WORK\OOP\LAB_03\LAB_03\DEBUG\POINT3D.OBJ
D:\MSYS64\HOME\SULTAN\WORK\OOP\LAB_03\LAB_03\DEBUG\POINT2D.OBJ
D:\MSYS64\HOME\SULTAN\WORK\OOP\LAB_03\LAB_03\DEBUG\MYFORM.OBJ
D:\MSYS64\HOME\SULTAN\WORK\OOP\LAB_03\LAB_03\DEBUG\MODELBUILDER.OBJ
D:\MSYS64\HOME\SULTAN\WORK\OOP\LAB_03\LAB_03\DEBUG\MODEL.OBJ
D:\MSYS64\HOME\SULTAN\WORK\OOP\LAB_03\LAB_03\DEBUG\LOADMANAGER.OBJ
D:\MSYS64\HOME\SULTAN\WORK\OOP\LAB_03\LAB_03\DEBUG\LAB_03.OBJ
D:\MSYS64\HOME\SULTAN\WORK\OOP\LAB_03\LAB_03\DEBUG\FILELOADER.OBJ
D:\MSYS64\HOME\SULTAN\WORK\OOP\LAB_03\LAB_03\DEBUG\EDGE.OBJ
D:\MSYS64\HOME\SULTAN\WORK\OOP\LAB_03\LAB_03\DEBUG\DRAWMANAGER.OBJ
D:\MSYS64\HOME\SULTAN\WORK\OOP\LAB_03\LAB_03\DEBUG\DRAWERVS.OBJ
D:\MSYS64\HOME\SULTAN\WORK\OOP\LAB_03\LAB_03\DEBUG\CAMERAMANAGER.OBJ
D:\MSYS64\HOME\SULTAN\WORK\OOP\LAB_03\LAB_03\DEBUG\CAMERA.OBJ
D:\MSYS64\HOME\SULTAN\WORK\OOP\LAB_03\LAB_03\DEBUG\ABSLOADER.OBJ
D:\MSYS64\HOME\SULTAN\WORK\OOP\LAB_03\LAB_03\DEBUG\VC110.PDB
D:\MSYS64\HOME\SULTAN\WORK\OOP\LAB_03\LAB_03\DEBUG\.NETFRAMEWORK,VERSION=V4.5.ASSEMBLYATTRIBUTES.OBJ
D:\msys64\home\Sultan\work\OOP\lab_03\lab_03\Debug\lab_03.MyForm.resources
D:\msys64\home\Sultan\work\OOP\lab_03\lab_03\Debug\lab_03.vcxproj.GenerateResource.Cache
D:\msys64\home\Sultan\work\OOP\lab_03\lab_03\Debug\.NETFramework,Version=v4.5.AssemblyAttributes.obj
D:\msys64\home\Sultan\work\OOP\lab_03\lab_03\Debug\absLoader.obj
D:\msys64\home\Sultan\work\OOP\lab_03\lab_03\Debug\camera.obj
D:\msys64\home\Sultan\work\OOP\lab_03\lab_03\Debug\cameraManager.obj
D:\msys64\home\Sultan\work\OOP\lab_03\lab_03\Debug\drawerVs.obj
D:\msys64\home\Sultan\work\OOP\lab_03\lab_03\Debug\drawManager.obj
D:\msys64\home\Sultan\work\OOP\lab_03\lab_03\Debug\edge.obj
D:\msys64\home\Sultan\work\OOP\lab_03\lab_03\Debug\fileLoader.obj
D:\msys64\home\Sultan\work\OOP\lab_03\lab_03\Debug\lab_03.obj
D:\msys64\home\Sultan\work\OOP\lab_03\lab_03\Debug\loadManager.obj
D:\msys64\home\Sultan\work\OOP\lab_03\lab_03\Debug\matrixDef.obj
D:\msys64\home\Sultan\work\OOP\lab_03\lab_03\Debug\model.obj
D:\msys64\home\Sultan\work\OOP\lab_03\lab_03\Debug\modelBuilder.obj
D:\msys64\home\Sultan\work\OOP\lab_03\lab_03\Debug\MyForm.obj
D:\msys64\home\Sultan\work\OOP\lab_03\lab_03\Debug\point2d.obj
D:\msys64\home\Sultan\work\OOP\lab_03\lab_03\Debug\point3d.obj
D:\msys64\home\Sultan\work\OOP\lab_03\lab_03\Debug\sceneContainer.obj
D:\msys64\home\Sultan\work\OOP\lab_03\lab_03\Debug\sceneFacade.obj
D:\msys64\home\Sultan\work\OOP\lab_03\lab_03\Debug\transformManager.obj
D:\msys64\home\Sultan\work\OOP\lab_03\lab_03\Debug\vector3d.obj
D:\msys64\home\Sultan\work\OOP\lab_03\lab_03\Debug\cl.command.1.tlog
D:\msys64\home\Sultan\work\OOP\lab_03\lab_03\Debug\CL.read.1.tlog
D:\msys64\home\Sultan\work\OOP\lab_03\lab_03\Debug\CL.write.1.tlog
D:\msys64\home\Sultan\work\OOP\lab_03\lab_03\Debug\lab_03.write.1.tlog
D:\msys64\home\Sultan\work\OOP\lab_03\lab_03\Debug\link.10340-cvtres.read.1.tlog
D:\msys64\home\Sultan\work\OOP\lab_03\lab_03\Debug\link.10340-cvtres.write.1.tlog
D:\msys64\home\Sultan\work\OOP\lab_03\lab_03\Debug\link.10340-rc.read.1.tlog
D:\msys64\home\Sultan\work\OOP\lab_03\lab_03\Debug\link.10340-rc.write.1.tlog
D:\msys64\home\Sultan\work\OOP\lab_03\lab_03\Debug\link.10340.read.1.tlog
D:\msys64\home\Sultan\work\OOP\lab_03\lab_03\Debug\link.10340.write.1.tlog
D:\msys64\home\Sultan\work\OOP\lab_03\lab_03\Debug\link.11508-cvtres.read.1.tlog
D:\msys64\home\Sultan\work\OOP\lab_03\lab_03\Debug\link.11508-cvtres.write.1.tlog
D:\msys64\home\Sultan\work\OOP\lab_03\lab_03\Debug\link.11508-rc.read.1.tlog
D:\msys64\home\Sultan\work\OOP\lab_03\lab_03\Debug\link.11508-rc.write.1.tlog
D:\msys64\home\Sultan\work\OOP\lab_03\lab_03\Debug\link.11508.read.1.tlog
D:\msys64\home\Sultan\work\OOP\lab_03\lab_03\Debug\link.11508.write.1.tlog
D:\msys64\home\Sultan\work\OOP\lab_03\lab_03\Debug\link.2024-cvtres.read.1.tlog
D:\msys64\home\Sultan\work\OOP\lab_03\lab_03\Debug\link.2024-cvtres.write.1.tlog
D:\msys64\home\Sultan\work\OOP\lab_03\lab_03\Debug\link.2024-rc.read.1.tlog
D:\msys64\home\Sultan\work\OOP\lab_03\lab_03\Debug\link.2024-rc.write.1.tlog
D:\msys64\home\Sultan\work\OOP\lab_03\lab_03\Debug\link.2024.read.1.tlog
D:\msys64\home\Sultan\work\OOP\lab_03\lab_03\Debug\link.2024.write.1.tlog
D:\msys64\home\Sultan\work\OOP\lab_03\lab_03\Debug\link.2032-cvtres.read.1.tlog
D:\msys64\home\Sultan\work\OOP\lab_03\lab_03\Debug\link.2032-cvtres.write.1.tlog
D:\msys64\home\Sultan\work\OOP\lab_03\lab_03\Debug\link.2032-rc.read.1.tlog
D:\msys64\home\Sultan\work\OOP\lab_03\lab_03\Debug\link.2032-rc.write.1.tlog
D:\msys64\home\Sultan\work\OOP\lab_03\lab_03\Debug\link.2032.read.1.tlog
D:\msys64\home\Sultan\work\OOP\lab_03\lab_03\Debug\link.2032.write.1.tlog
D:\msys64\home\Sultan\work\OOP\lab_03\lab_03\Debug\link.2156-cvtres.read.1.tlog
D:\msys64\home\Sultan\work\OOP\lab_03\lab_03\Debug\link.2156-cvtres.write.1.tlog
D:\msys64\home\Sultan\work\OOP\lab_03\lab_03\Debug\link.2156-rc.read.1.tlog
D:\msys64\home\Sultan\work\OOP\lab_03\lab_03\Debug\link.2156-rc.write.1.tlog
D:\msys64\home\Sultan\work\OOP\lab_03\lab_03\Debug\link.2156.read.1.tlog
D:\msys64\home\Sultan\work\OOP\lab_03\lab_03\Debug\link.2156.write.1.tlog
D:\msys64\home\Sultan\work\OOP\lab_03\lab_03\Debug\link.3344-cvtres.read.1.tlog
D:\msys64\home\Sultan\work\OOP\lab_03\lab_03\Debug\link.3344-cvtres.write.1.tlog
D:\msys64\home\Sultan\work\OOP\lab_03\lab_03\Debug\link.3344-rc.read.1.tlog
D:\msys64\home\Sultan\work\OOP\lab_03\lab_03\Debug\link.3344-rc.write.1.tlog
D:\msys64\home\Sultan\work\OOP\lab_03\lab_03\Debug\link.3344.read.1.tlog
D:\msys64\home\Sultan\work\OOP\lab_03\lab_03\Debug\link.3344.write.1.tlog
D:\msys64\home\Sultan\work\OOP\lab_03\lab_03\Debug\link.4656-cvtres.read.1.tlog
D:\msys64\home\Sultan\work\OOP\lab_03\lab_03\Debug\link.4656-cvtres.write.1.tlog
D:\msys64\home\Sultan\work\OOP\lab_03\lab_03\Debug\link.4656-rc.read.1.tlog
D:\msys64\home\Sultan\work\OOP\lab_03\lab_03\Debug\link.4656-rc.write.1.tlog
D:\msys64\home\Sultan\work\OOP\lab_03\lab_03\Debug\link.4656.read.1.tlog
D:\msys64\home\Sultan\work\OOP\lab_03\lab_03\Debug\link.4656.write.1.tlog
D:\msys64\home\Sultan\work\OOP\lab_03\lab_03\Debug\link.5396-cvtres.read.1.tlog
D:\msys64\home\Sultan\work\OOP\lab_03\lab_03\Debug\link.5396-cvtres.write.1.tlog
D:\msys64\home\Sultan\work\OOP\lab_03\lab_03\Debug\link.5396-rc.read.1.tlog
D:\msys64\home\Sultan\work\OOP\lab_03\lab_03\Debug\link.5396-rc.write.1.tlog
D:\msys64\home\Sultan\work\OOP\lab_03\lab_03\Debug\link.5396.read.1.tlog
D:\msys64\home\Sultan\work\OOP\lab_03\lab_03\Debug\link.5396.write.1.tlog
D:\msys64\home\Sultan\work\OOP\lab_03\lab_03\Debug\link.6104-cvtres.read.1.tlog
D:\msys64\home\Sultan\work\OOP\lab_03\lab_03\Debug\link.6104-cvtres.write.1.tlog
D:\msys64\home\Sultan\work\OOP\lab_03\lab_03\Debug\link.6104-rc.read.1.tlog
D:\msys64\home\Sultan\work\OOP\lab_03\lab_03\Debug\link.6104-rc.write.1.tlog
D:\msys64\home\Sultan\work\OOP\lab_03\lab_03\Debug\link.6104.read.1.tlog
D:\msys64\home\Sultan\work\OOP\lab_03\lab_03\Debug\link.6104.write.1.tlog
D:\msys64\home\Sultan\work\OOP\lab_03\lab_03\Debug\link.7840-cvtres.read.1.tlog
D:\msys64\home\Sultan\work\OOP\lab_03\lab_03\Debug\link.7840-cvtres.write.1.tlog
D:\msys64\home\Sultan\work\OOP\lab_03\lab_03\Debug\link.7840-rc.read.1.tlog
D:\msys64\home\Sultan\work\OOP\lab_03\lab_03\Debug\link.7840-rc.write.1.tlog
D:\msys64\home\Sultan\work\OOP\lab_03\lab_03\Debug\link.7840.read.1.tlog
D:\msys64\home\Sultan\work\OOP\lab_03\lab_03\Debug\link.7840.write.1.tlog
D:\msys64\home\Sultan\work\OOP\lab_03\lab_03\Debug\link.7976-cvtres.read.1.tlog
D:\msys64\home\Sultan\work\OOP\lab_03\lab_03\Debug\link.7976-cvtres.write.1.tlog
D:\msys64\home\Sultan\work\OOP\lab_03\lab_03\Debug\link.7976-rc.read.1.tlog
D:\msys64\home\Sultan\work\OOP\lab_03\lab_03\Debug\link.7976-rc.write.1.tlog
D:\msys64\home\Sultan\work\OOP\lab_03\lab_03\Debug\link.7976.read.1.tlog
D:\msys64\home\Sultan\work\OOP\lab_03\lab_03\Debug\link.7976.write.1.tlog
D:\msys64\home\Sultan\work\OOP\lab_03\lab_03\Debug\link.9320-cvtres.read.1.tlog
D:\msys64\home\Sultan\work\OOP\lab_03\lab_03\Debug\link.9320-cvtres.write.1.tlog
D:\msys64\home\Sultan\work\OOP\lab_03\lab_03\Debug\link.9320-rc.read.1.tlog
D:\msys64\home\Sultan\work\OOP\lab_03\lab_03\Debug\link.9320-rc.write.1.tlog
D:\msys64\home\Sultan\work\OOP\lab_03\lab_03\Debug\link.9320.read.1.tlog
D:\msys64\home\Sultan\work\OOP\lab_03\lab_03\Debug\link.9320.write.1.tlog
D:\msys64\home\Sultan\work\OOP\lab_03\lab_03\Debug\link.command.1.tlog
D:\msys64\home\Sultan\work\OOP\lab_03\lab_03\Debug\link.read.1.tlog
D:\msys64\home\Sultan\work\OOP\lab_03\lab_03\Debug\link.write.1.tlog
D:\msys64\home\Sultan\work\OOP\lab_03\lab_03\Debug\metagen.read.1.tlog
D:\msys64\home\Sultan\work\OOP\lab_03\lab_03\Debug\metagen.write.1.tlog
D:\msys64\home\Sultan\work\OOP\lab_03\lab_03\Debug\vc110.pdb
D:\msys64\home\Sultan\work\OOP\lab_03\lab_03\Debug\TZRES.DLL.bi
D:\msys64\home\Sultan\work\OOP\lab_03\Debug\lab_03.pdb
D:\msys64\home\Sultan\work\OOP\lab_03\Debug\lab_03.ilk
