D:\MSYS64\HOME\SULTAN\WORK\OOP\TEMP1\LAB_04\LAB_04\DEBUG\MYFORM.OBJ
D:\MSYS64\HOME\SULTAN\WORK\OOP\TEMP1\LAB_04\LAB_04\DEBUG\LAB_04.OBJ
D:\MSYS64\HOME\SULTAN\WORK\OOP\TEMP1\LAB_04\LAB_04\DEBUG\DOOROBJECT.OBJ
D:\MSYS64\HOME\SULTAN\WORK\OOP\TEMP1\LAB_04\LAB_04\DEBUG\.NETFRAMEWORK,VERSION=V4.5.ASSEMBLYATTRIBUTES.OBJ
D:\MSYS64\HOME\SULTAN\WORK\OOP\TEMP1\LAB_04\LAB_04\DEBUG\VC110.PDB
D:\MSYS64\HOME\SULTAN\WORK\OOP\TEMP1\LAB_04\LAB_04\DEBUG\LIFTOBJECT.OBJ
D:\MSYS64\HOME\SULTAN\WORK\OOP\TEMP1\LAB_04\LAB_04\DEBUG\BUTTONOBJECT.OBJ
D:\MSYS64\HOME\SULTAN\WORK\OOP\TEMP1\LAB_04\LAB_04\DEBUG\CONTROLLEROBJECT.OBJ
D:\msys64\home\Sultan\work\OOP\temp1\lab_04\lab_04\Debug\lab_04.MyForm.resources
D:\msys64\home\Sultan\work\OOP\temp1\lab_04\lab_04\Debug\lab_04.vcxproj.GenerateResource.Cache
D:\msys64\home\Sultan\work\OOP\temp1\lab_04\lab_04\Debug\lab_04.vcxprojResolveAssemblyReference.cache
D:\msys64\home\Sultan\work\OOP\temp1\lab_04\lab_04\Debug\.NETFramework,Version=v4.5.AssemblyAttributes.obj
D:\msys64\home\Sultan\work\OOP\temp1\lab_04\lab_04\Debug\buttonObject.obj
D:\msys64\home\Sultan\work\OOP\temp1\lab_04\lab_04\Debug\controllerObject.obj
D:\msys64\home\Sultan\work\OOP\temp1\lab_04\lab_04\Debug\doorObject.obj
D:\msys64\home\Sultan\work\OOP\temp1\lab_04\lab_04\Debug\lab_04.obj
D:\msys64\home\Sultan\work\OOP\temp1\lab_04\lab_04\Debug\liftObject.obj
D:\msys64\home\Sultan\work\OOP\temp1\lab_04\lab_04\Debug\MyForm.obj
D:\msys64\home\Sultan\work\OOP\temp1\lab_04\lab_04\Debug\cl.command.1.tlog
D:\msys64\home\Sultan\work\OOP\temp1\lab_04\lab_04\Debug\CL.read.1.tlog
D:\msys64\home\Sultan\work\OOP\temp1\lab_04\lab_04\Debug\CL.write.1.tlog
D:\msys64\home\Sultan\work\OOP\temp1\lab_04\lab_04\Debug\lab_04.write.1.tlog
D:\msys64\home\Sultan\work\OOP\temp1\lab_04\lab_04\Debug\link.12260-cvtres.read.1.tlog
D:\msys64\home\Sultan\work\OOP\temp1\lab_04\lab_04\Debug\link.12260-cvtres.write.1.tlog
D:\msys64\home\Sultan\work\OOP\temp1\lab_04\lab_04\Debug\link.12260-rc.read.1.tlog
D:\msys64\home\Sultan\work\OOP\temp1\lab_04\lab_04\Debug\link.12260-rc.write.1.tlog
D:\msys64\home\Sultan\work\OOP\temp1\lab_04\lab_04\Debug\link.12260.read.1.tlog
D:\msys64\home\Sultan\work\OOP\temp1\lab_04\lab_04\Debug\link.12260.write.1.tlog
D:\msys64\home\Sultan\work\OOP\temp1\lab_04\lab_04\Debug\link.5988-cvtres.read.1.tlog
D:\msys64\home\Sultan\work\OOP\temp1\lab_04\lab_04\Debug\link.5988-cvtres.write.1.tlog
D:\msys64\home\Sultan\work\OOP\temp1\lab_04\lab_04\Debug\link.5988-rc.read.1.tlog
D:\msys64\home\Sultan\work\OOP\temp1\lab_04\lab_04\Debug\link.5988-rc.write.1.tlog
D:\msys64\home\Sultan\work\OOP\temp1\lab_04\lab_04\Debug\link.5988.read.1.tlog
D:\msys64\home\Sultan\work\OOP\temp1\lab_04\lab_04\Debug\link.5988.write.1.tlog
D:\msys64\home\Sultan\work\OOP\temp1\lab_04\lab_04\Debug\link.9008-cvtres.read.1.tlog
D:\msys64\home\Sultan\work\OOP\temp1\lab_04\lab_04\Debug\link.9008-cvtres.write.1.tlog
D:\msys64\home\Sultan\work\OOP\temp1\lab_04\lab_04\Debug\link.9008-rc.read.1.tlog
D:\msys64\home\Sultan\work\OOP\temp1\lab_04\lab_04\Debug\link.9008-rc.write.1.tlog
D:\msys64\home\Sultan\work\OOP\temp1\lab_04\lab_04\Debug\link.9008.read.1.tlog
D:\msys64\home\Sultan\work\OOP\temp1\lab_04\lab_04\Debug\link.9008.write.1.tlog
D:\msys64\home\Sultan\work\OOP\temp1\lab_04\lab_04\Debug\link.command.1.tlog
D:\msys64\home\Sultan\work\OOP\temp1\lab_04\lab_04\Debug\link.read.1.tlog
D:\msys64\home\Sultan\work\OOP\temp1\lab_04\lab_04\Debug\link.write.1.tlog
D:\msys64\home\Sultan\work\OOP\temp1\lab_04\lab_04\Debug\metagen.read.1.tlog
D:\msys64\home\Sultan\work\OOP\temp1\lab_04\lab_04\Debug\metagen.write.1.tlog
D:\msys64\home\Sultan\work\OOP\temp1\lab_04\lab_04\Debug\vc110.pdb
D:\msys64\home\Sultan\work\OOP\temp1\lab_04\lab_04\Debug\TZRES.DLL.bi
D:\msys64\home\Sultan\work\OOP\temp1\lab_04\Debug\lab_04.pdb
D:\msys64\home\Sultan\work\OOP\temp1\lab_04\Debug\lab_04.ilk
